2015-05-13 13:35:28 - PHP Warning:  mail() [<a href='function.mail'>function.mail</a>]: Failed to connect to mailserver at &quot;localhost&quot; port 25, verify your &quot;SMTP&quot; and &quot;smtp_port&quot; setting in php.ini or use ini_set() in E:\wamp\www\opencart\system\library\mail.php on line 162
2015-05-13 13:37:26 - PHP Notice:  Undefined index: lastname in E:\wamp\www\opencart\catalog\model\account\return.php on line 6
2015-05-13 13:39:03 - PHP Notice:  Undefined index: lastname in E:\wamp\www\opencart\admin\model\sale\return.php on line 8
2015-05-13 16:50:10 - PHP Warning:  mail() [<a href='function.mail'>function.mail</a>]: Failed to connect to mailserver at &quot;localhost&quot; port 25, verify your &quot;SMTP&quot; and &quot;smtp_port&quot; setting in php.ini or use ini_set() in E:\wamp\www\opencart\system\library\mail.php on line 162
2015-07-18 13:23:15 - PHP Notice:  Undefined offset: 0 in E:\workspace\wamp\www\opencart\catalog\controller\checkout\shipping_method.php on line 43
2015-07-18 13:23:15 - PHP Notice:  Undefined offset: 1 in E:\workspace\wamp\www\opencart\catalog\controller\checkout\shipping_method.php on line 45
2015-07-18 13:23:16 - PHP Notice:  Undefined offset: 0 in E:\workspace\wamp\www\opencart\catalog\controller\checkout\shipping_method.php on line 43
2015-07-18 13:23:16 - PHP Notice:  Undefined offset: 1 in E:\workspace\wamp\www\opencart\catalog\controller\checkout\shipping_method.php on line 45
2015-07-18 13:23:18 - PHP Notice:  Undefined offset: 0 in E:\workspace\wamp\www\opencart\catalog\controller\checkout\shipping_method.php on line 43
2015-07-18 13:23:18 - PHP Notice:  Undefined offset: 1 in E:\workspace\wamp\www\opencart\catalog\controller\checkout\shipping_method.php on line 45
2015-07-18 13:30:38 - PHP Notice:  Undefined offset: 0 in E:\workspace\wamp\www\opencart\catalog\controller\checkout\shipping_method.php on line 43
2015-07-18 13:30:38 - PHP Notice:  Undefined offset: 1 in E:\workspace\wamp\www\opencart\catalog\controller\checkout\shipping_method.php on line 45
2015-07-18 13:31:05 - PHP Notice:  Undefined offset: 0 in E:\workspace\wamp\www\opencart\catalog\controller\checkout\shipping_method.php on line 43
2015-07-18 13:31:58 - PHP Notice:  Undefined offset: 1 in E:\workspace\wamp\www\opencart\catalog\controller\checkout\shipping_method.php on line 45
2015-07-18 13:32:02 - PHP Notice:  Undefined offset: 0 in E:\workspace\wamp\www\opencart\catalog\controller\checkout\shipping_method.php on line 43
2015-07-18 13:32:02 - PHP Notice:  Undefined offset: 1 in E:\workspace\wamp\www\opencart\catalog\controller\checkout\shipping_method.php on line 45
2015-07-18 13:32:03 - PHP Notice:  Undefined offset: 0 in E:\workspace\wamp\www\opencart\catalog\controller\checkout\shipping_method.php on line 43
2015-07-18 13:32:03 - PHP Notice:  Undefined offset: 1 in E:\workspace\wamp\www\opencart\catalog\controller\checkout\shipping_method.php on line 45
2015-07-18 13:32:05 - PHP Notice:  Undefined offset: 0 in E:\workspace\wamp\www\opencart\catalog\controller\checkout\shipping_method.php on line 43
2015-07-18 13:32:05 - PHP Notice:  Undefined offset: 1 in E:\workspace\wamp\www\opencart\catalog\controller\checkout\shipping_method.php on line 45
2015-07-18 13:41:33 - PHP Notice:  Undefined index: comment in E:\workspace\wamp\www\opencart\catalog\controller\checkout\confirm.php on line 248
2015-07-18 13:42:31 - PHP Notice:  Undefined index: comment in E:\workspace\wamp\www\opencart\catalog\controller\checkout\confirm.php on line 248
2015-07-18 13:43:46 - PHP Notice:  Undefined index: comment in E:\workspace\wamp\www\opencart\catalog\controller\checkout\confirm.php on line 248
2015-07-18 14:07:55 - PHP Notice:  Undefined index: comment in E:\workspace\wamp\www\opencart\catalog\controller\checkout\confirm.php on line 248
2015-07-18 14:09:21 - PHP Notice:  Undefined index: comment in E:\workspace\wamp\www\opencart\catalog\controller\checkout\confirm.php on line 248
2015-07-18 14:13:25 - PHP Notice:  Undefined index: comment in E:\workspace\wamp\www\opencart\catalog\controller\checkout\confirm.php on line 248
2015-07-18 14:22:31 - PHP Notice:  Undefined index: comment in E:\workspace\wamp\www\opencart\catalog\controller\checkout\confirm.php on line 248
2015-07-18 14:23:04 - PHP Notice:  Undefined index: comment in E:\workspace\wamp\www\opencart\catalog\controller\checkout\confirm.php on line 248
2015-07-18 14:30:29 - PHP Notice:  Undefined index: comment in E:\workspace\wamp\www\opencart\catalog\controller\checkout\confirm.php on line 248
2015-07-18 14:30:46 - PHP Notice:  Undefined index: comment in E:\workspace\wamp\www\opencart\catalog\controller\checkout\confirm.php on line 248
2015-07-18 14:31:41 - PHP Notice:  Undefined index: comment in E:\workspace\wamp\www\opencart\catalog\controller\checkout\confirm.php on line 248
2015-07-18 14:31:41 - PHP Notice:  Undefined variable: text_comments in E:\workspace\wamp\www\opencart\catalog\view\theme\shoppica\template\checkout\checkout.tpl on line 49
2015-07-18 14:31:41 - PHP Notice:  Undefined variable: comment in E:\workspace\wamp\www\opencart\catalog\view\theme\shoppica\template\checkout\checkout.tpl on line 51
2015-07-18 14:32:08 - PHP Notice:  Undefined index: comment in E:\workspace\wamp\www\opencart\catalog\controller\checkout\confirm.php on line 248
2015-07-18 14:32:36 - PHP Notice:  Undefined index: comment in E:\workspace\wamp\www\opencart\catalog\controller\checkout\confirm.php on line 248
2015-07-18 14:37:31 - PHP Notice:  Undefined index: comment in E:\workspace\wamp\www\opencart\catalog\controller\checkout\confirm.php on line 248
2015-07-18 15:09:19 - PHP Notice:  Undefined index: comment in E:\workspace\wamp\www\opencart\catalog\model\checkout\order.php on line 6
2015-07-18 15:11:04 - PHP Notice:  Undefined index: comment in E:\workspace\wamp\www\opencart\catalog\model\checkout\order.php on line 6
2015-07-18 15:12:20 - PHP Notice:  Undefined index: comment in E:\workspace\wamp\www\opencart\catalog\model\checkout\order.php on line 6
2015-07-18 15:13:00 - PHP Notice:  Undefined index: comment in E:\workspace\wamp\www\opencart\catalog\model\checkout\order.php on line 6
2015-07-18 15:15:50 - PHP Notice:  Undefined index: comment in E:\workspace\wamp\www\opencart\catalog\model\checkout\order.php on line 6
2015-07-18 15:18:23 - PHP Notice:  Undefined index: comment in E:\workspace\wamp\www\opencart\catalog\model\checkout\order.php on line 6
